28.3.2024, 15:47:08 - INFO - server.js loaded... 
28.3.2024, 15:47:33 - INFO - server.js loaded... 
28.3.2024, 15:47:39 - INFO - server.js loaded... 
28.3.2024, 15:48:07 - INFO - server.js loaded... 
28.3.2024, 15:48:49 - INFO - Req was made | / 
28.3.2024, 15:48:49 - DEBUG - Getting Toys | {"txt":""} 
28.3.2024, 15:48:49 - ERROR - cannot find toys | ReferenceError: logger is not defined 
28.3.2024, 15:48:49 - ERROR - Failed to get toys | ReferenceError: logger is not defined 
28.3.2024, 15:52:37 - DEBUG - auth.service - signup with username: sss, fullName: ab cs 
28.3.2024, 15:52:37 - ERROR - while finding user sss | ReferenceError: logger is not defined 
28.3.2024, 15:52:37 - ERROR - cannot insert user | ReferenceError: logger is not defined 
28.3.2024, 15:52:37 - ERROR - Failed to signup ReferenceError: logger is not defined 
28.3.2024, 15:56:48 - INFO - server.js loaded... 
28.3.2024, 15:57:07 - INFO - server.js loaded... 
28.3.2024, 15:57:12 - DEBUG - auth.service - signup with username: sss, fullName: ab cs 
28.3.2024, 15:57:12 - ERROR - while finding user sss | ReferenceError: logger is not defined 
28.3.2024, 15:57:12 - ERROR - cannot insert user | ReferenceError: logger is not defined 
28.3.2024, 15:57:12 - ERROR - Failed to signup ReferenceError: logger is not defined 
28.3.2024, 16:08:27 - INFO - server.js loaded... 
28.3.2024, 16:08:34 - DEBUG - auth.service - signup with username: sss, fullName: ab cs 
28.3.2024, 16:08:34 - ERROR - while finding user sss | ReferenceError: logger is not defined 
28.3.2024, 16:08:34 - ERROR - Failed to signup ReferenceError: logger is not defined 
28.3.2024, 16:08:34 - ERROR - cannot insert user | ReferenceError: logger is not defined 
28.3.2024, 16:10:21 - INFO - server.js loaded... 
28.3.2024, 16:10:25 - DEBUG - auth.service - signup with username: sss, fullName: ab cs 
28.3.2024, 16:10:25 - ERROR - while finding user sss | ReferenceError: logger is not defined 
28.3.2024, 16:10:25 - ERROR - cannot insert user | ReferenceError: logger is not defined 
28.3.2024, 16:10:25 - ERROR - Failed to signup ReferenceError: logger is not defined 
28.3.2024, 16:10:55 - INFO - server.js loaded... 
28.3.2024, 16:10:57 - DEBUG - auth.service - signup with username: sss, fullName: ab cs 
28.3.2024, 16:10:57 - ERROR - while finding user sss | ReferenceError: logger is not defined 
28.3.2024, 16:10:57 - ERROR - cannot insert user | ReferenceError: logger is not defined 
28.3.2024, 16:10:57 - ERROR - Failed to signup ReferenceError: logger is not defined 
28.3.2024, 16:18:15 - INFO - server.js loaded... 
28.3.2024, 16:19:18 - DEBUG - auth.service - signup with username: sss, fullName: ab cs 
28.3.2024, 16:19:18 - ERROR - while finding user sss | ReferenceError: logger is not defined 
28.3.2024, 16:19:18 - ERROR - cannot insert user | ReferenceError: logger is not defined 
28.3.2024, 16:19:18 - ERROR - Failed to signup ReferenceError: logger is not defined 
28.3.2024, 16:19:33 - INFO - server.js loaded... 
28.3.2024, 16:19:59 - DEBUG - auth.service - signup with username: sss, fullName: ab cs 
28.3.2024, 16:19:59 - ERROR - while finding user sss | ReferenceError: logger is not defined 
28.3.2024, 16:19:59 - ERROR - Failed to signup ReferenceError: logger is not defined 
28.3.2024, 16:19:59 - ERROR - cannot insert user | ReferenceError: logger is not defined 
28.3.2024, 16:20:12 - INFO - server.js loaded... 
28.3.2024, 16:20:14 - DEBUG - auth.service - signup with username: sss, fullName: ab cs 
28.3.2024, 16:20:14 - ERROR - while finding user sss | ReferenceError: logger is not defined 
28.3.2024, 16:20:14 - ERROR - cannot insert user | ReferenceError: logger is not defined 
28.3.2024, 16:20:14 - ERROR - Failed to signup ReferenceError: logger is not defined 
28.3.2024, 16:21:34 - INFO - server.js loaded... 
28.3.2024, 16:22:08 - INFO - server.js loaded... 
28.3.2024, 16:22:12 - DEBUG - auth.service - signup with username: sss, fullName: ab cs 
28.3.2024, 16:22:12 - DEBUG - auth.service - login with username: sss 
28.3.2024, 16:22:40 - INFO - server.js loaded... 
28.3.2024, 16:22:49 - DEBUG - auth.service - signup with username: sjjss, fullName: ab cs 
28.3.2024, 16:22:49 - DEBUG - auth.service - login with username: sjjss 
28.3.2024, 16:36:37 - INFO - server.js loaded... 
28.3.2024, 16:36:47 - DEBUG - auth.service - signup with username: sjjdsss, fullName: ab cs 
28.3.2024, 16:36:47 - DEBUG - auth.service - login with username: sjjdsss 
28.3.2024, 16:38:07 - INFO - server.js loaded... 
28.3.2024, 16:38:09 - INFO - server.js loaded... 
28.3.2024, 16:38:14 - INFO - server.js loaded... 
28.3.2024, 16:38:26 - INFO - server.js loaded... 
28.3.2024, 16:38:29 - DEBUG - auth.service - signup with username: sjjdsss, fullName: ab cs 
28.3.2024, 16:38:29 - ERROR - cannot insert user | Error: Username taken 
28.3.2024, 16:38:29 - ERROR - Failed to signup Error: Username taken 
28.3.2024, 16:38:36 - DEBUG - auth.service - signup with username: sjjddssss, fullName: ab cs 
28.3.2024, 16:38:36 - DEBUG - auth.service - login with username: sjjddssss 
28.3.2024, 16:40:00 - INFO - Req was made | / 
28.3.2024, 16:40:00 - DEBUG - Getting Toys | {"txt":""} 
28.3.2024, 16:40:39 - INFO - Req was made | / 
28.3.2024, 16:40:39 - DEBUG - Getting Toys | {"txt":""} 
28.3.2024, 16:42:21 - INFO - server.js loaded... 
28.3.2024, 16:42:25 - INFO - Req was made | / 
28.3.2024, 16:42:25 - DEBUG - Getting Toys | {"txt":""} 
30.3.2024, 11:58:59 - INFO - server.js loaded... 
30.3.2024, 11:59:11 - DEBUG - Getting Toys | {"txt":""} 
30.3.2024, 11:59:11 - INFO - Req was made | / 
30.3.2024, 11:59:11 - DEBUG - Getting Toys | {"txt":""} 
30.3.2024, 11:59:11 - INFO - Req was made | / 
30.3.2024, 11:59:11 - INFO - Req was made | / 
30.3.2024, 11:59:11 - DEBUG - Getting Toys | {"txt":""} 
30.3.2024, 12:55:57 - DEBUG - Getting Toys | {"txt":""} 
30.3.2024, 12:55:57 - INFO - Req was made | / 
30.3.2024, 12:55:57 - INFO - Req was made | / 
30.3.2024, 12:55:57 - DEBUG - Getting Toys | {"txt":""} 
30.3.2024, 12:55:57 - INFO - Req was made | / 
30.3.2024, 12:55:57 - DEBUG - Getting Toys | {"txt":""} 
30.3.2024, 12:56:00 - INFO - Req was made | / 
30.3.2024, 12:56:00 - DEBUG - Getting Toys | {"txt":""} 
30.3.2024, 12:56:00 - INFO - Req was made | / 
30.3.2024, 12:56:00 - DEBUG - Getting Toys | {"txt":""} 
30.3.2024, 12:56:01 - INFO - Req was made | / 
30.3.2024, 12:56:01 - DEBUG - Getting Toys | {"txt":""} 
30.3.2024, 12:56:02 - INFO - Req was made | / 
30.3.2024, 12:56:02 - DEBUG - Getting Toys | {"txt":""} 
30.3.2024, 12:56:02 - INFO - Req was made | / 
30.3.2024, 12:56:02 - DEBUG - Getting Toys | {"txt":""} 
30.3.2024, 12:56:03 - INFO - Req was made | / 
30.3.2024, 12:56:03 - DEBUG - Getting Toys | {"txt":""} 
30.3.2024, 12:56:21 - INFO - Req was made | / 
30.3.2024, 12:56:21 - DEBUG - Getting Toys | {"txt":""} 
30.3.2024, 12:56:21 - INFO - Req was made | / 
30.3.2024, 12:56:21 - DEBUG - Getting Toys | {"txt":""} 
30.3.2024, 12:56:22 - INFO - Req was made | / 
30.3.2024, 12:56:22 - DEBUG - Getting Toys | {"txt":""} 
30.3.2024, 12:56:54 - INFO - Req was made | / 
30.3.2024, 12:56:54 - DEBUG - Getting Toys | {"txt":""} 
30.3.2024, 12:56:54 - INFO - Req was made | / 
30.3.2024, 12:56:54 - DEBUG - Getting Toys | {"txt":""} 
30.3.2024, 12:56:55 - DEBUG - Getting Toys | {"txt":""} 
30.3.2024, 12:56:55 - INFO - Req was made | / 
30.3.2024, 13:01:39 - DEBUG - Getting Toys | {"txt":""} 
30.3.2024, 13:01:39 - INFO - Req was made | / 
30.3.2024, 13:01:39 - INFO - Req was made | / 
30.3.2024, 13:01:39 - DEBUG - Getting Toys | {"txt":""} 
30.3.2024, 13:01:40 - INFO - Req was made | / 
30.3.2024, 13:01:40 - DEBUG - Getting Toys | {"txt":""} 
30.3.2024, 13:03:04 - INFO - Req was made | / 
30.3.2024, 13:03:04 - DEBUG - Getting Toys | {"txt":""} 
30.3.2024, 13:03:04 - INFO - Req was made | / 
30.3.2024, 13:03:04 - DEBUG - Getting Toys | {"txt":""} 
30.3.2024, 13:03:04 - INFO - Req was made | / 
30.3.2024, 13:03:04 - DEBUG - Getting Toys | {"txt":""} 
30.3.2024, 13:46:11 - DEBUG - Getting Toys | {"txt":""} 
30.3.2024, 13:46:11 - INFO - Req was made | / 
30.3.2024, 13:46:11 - INFO - Req was made | / 
30.3.2024, 13:46:11 - DEBUG - Getting Toys | {"txt":""} 
30.3.2024, 13:46:11 - INFO - Req was made | / 
30.3.2024, 13:46:11 - DEBUG - Getting Toys | {"txt":""} 
30.3.2024, 14:04:27 - DEBUG - Getting Toys | {"txt":""} 
30.3.2024, 14:04:27 - INFO - Req was made | / 
30.3.2024, 14:04:27 - DEBUG - Getting Toys | {"txt":""} 
30.3.2024, 14:04:27 - INFO - Req was made | / 
30.3.2024, 14:04:28 - INFO - Req was made | / 
30.3.2024, 14:04:28 - DEBUG - Getting Toys | {"txt":""} 
30.3.2024, 14:04:30 - INFO - Req was made | / 
30.3.2024, 14:04:30 - DEBUG - Getting Toys | {"txt":""} 
30.3.2024, 14:04:30 - INFO - Req was made | / 
30.3.2024, 14:04:30 - DEBUG - Getting Toys | {"txt":""} 
30.3.2024, 14:04:30 - INFO - Req was made | / 
30.3.2024, 14:04:30 - DEBUG - Getting Toys | {"txt":""} 
30.3.2024, 14:05:57 - INFO - Req was made | / 
30.3.2024, 14:05:57 - DEBUG - Getting Toys | {"txt":""} 
30.3.2024, 14:05:57 - INFO - Req was made | / 
30.3.2024, 14:05:57 - DEBUG - Getting Toys | {"txt":""} 
30.3.2024, 14:05:57 - INFO - Req was made | / 
30.3.2024, 14:05:57 - DEBUG - Getting Toys | {"txt":""} 
30.3.2024, 14:06:03 - DEBUG - Getting Toys | {"txt":""} 
30.3.2024, 14:06:03 - INFO - Req was made | / 
30.3.2024, 14:06:03 - INFO - Req was made | / 
30.3.2024, 14:06:03 - DEBUG - Getting Toys | {"txt":""} 
30.3.2024, 14:06:04 - INFO - Req was made | / 
30.3.2024, 14:06:04 - DEBUG - Getting Toys | {"txt":""} 
30.3.2024, 14:32:20 - INFO - server.js loaded... 
30.3.2024, 14:35:02 - DEBUG - auth.service - login with username: undefined 
30.3.2024, 14:35:02 - ERROR - Failed to Login Error: Invalid username or password 
30.3.2024, 14:45:54 - DEBUG - auth.service - login with username: undefined 
30.3.2024, 14:45:54 - ERROR - Failed to Login Error: Invalid username or password 
30.3.2024, 14:47:26 - DEBUG - auth.service - login with username: undefined 
30.3.2024, 14:47:26 - ERROR - Failed to Login Error: Invalid username or password 
30.3.2024, 14:48:05 - DEBUG - auth.service - login with username: undefined 
30.3.2024, 14:48:05 - ERROR - Failed to Login Error: Invalid username or password 
30.3.2024, 14:49:14 - DEBUG - auth.service - login with username: undefined 
30.3.2024, 14:49:14 - ERROR - Failed to Login Error: Invalid username or password 
30.3.2024, 14:49:39 - INFO - server.js loaded... 
30.3.2024, 14:49:44 - DEBUG - auth.service - login with username: undefined 
30.3.2024, 14:49:44 - ERROR - Failed to Login Error: Invalid username or password 
30.3.2024, 14:51:33 - DEBUG - auth.service - login with username: sjjddssss 
30.3.2024, 14:51:33 - INFO - User login:  | {"_id":"660580ecbc9c961520f660ed","username":"sjjddssss","fullName":"ab cs","score":0} 
30.3.2024, 14:52:55 - DEBUG - auth.service - login with username: sjjddssss 
30.3.2024, 14:52:55 - INFO - User login:  | {"_id":"660580ecbc9c961520f660ed","username":"sjjddssss","fullName":"ab cs","score":0} 
30.3.2024, 15:38:22 - DEBUG - auth.service - login with username: sss 
30.3.2024, 15:38:22 - INFO - User login:  | {"_id":"66057d14869a5c5898011e83","username":"sss","fullName":"ab cs","score":0} 
30.3.2024, 15:41:46 - DEBUG - Getting Toys | {"txt":""} 
30.3.2024, 15:41:46 - INFO - Req was made | / 
30.3.2024, 15:41:46 - INFO - Req was made | / 
30.3.2024, 15:41:46 - DEBUG - Getting Toys | {"txt":""} 
30.3.2024, 15:41:47 - INFO - Req was made | / 
30.3.2024, 15:41:47 - DEBUG - Getting Toys | {"txt":""} 
30.3.2024, 15:41:48 - INFO - Req was made | / 
30.3.2024, 15:41:48 - DEBUG - Getting Toys | {"txt":""} 
30.3.2024, 15:41:48 - INFO - Req was made | / 
30.3.2024, 15:41:48 - DEBUG - Getting Toys | {"txt":""} 
30.3.2024, 15:41:49 - INFO - Req was made | / 
30.3.2024, 15:41:49 - DEBUG - Getting Toys | {"txt":""} 
30.3.2024, 15:41:56 - INFO - Req was made | / 
30.3.2024, 15:41:56 - DEBUG - Getting Toys | {"txt":""} 
30.3.2024, 15:41:56 - INFO - Req was made | / 
30.3.2024, 15:41:56 - DEBUG - Getting Toys | {"txt":""} 
30.3.2024, 15:41:57 - INFO - Req was made | / 
30.3.2024, 15:41:57 - DEBUG - Getting Toys | {"txt":""} 
30.3.2024, 15:42:02 - INFO - Req was made | / 
30.3.2024, 15:42:02 - DEBUG - Getting Toys | {"txt":""} 
30.3.2024, 15:42:02 - INFO - Req was made | / 
30.3.2024, 15:42:02 - DEBUG - Getting Toys | {"txt":""} 
30.3.2024, 15:42:03 - INFO - Req was made | / 
30.3.2024, 15:42:03 - DEBUG - Getting Toys | {"txt":""} 
30.3.2024, 15:42:31 - INFO - Req was made | / 
30.3.2024, 15:42:31 - DEBUG - Getting Toys | {"txt":""} 
30.3.2024, 15:42:31 - INFO - Req was made | / 
30.3.2024, 15:42:31 - DEBUG - Getting Toys | {"txt":""} 
30.3.2024, 15:42:31 - INFO - Req was made | / 
30.3.2024, 15:42:31 - DEBUG - Getting Toys | {"txt":""} 
30.3.2024, 15:43:22 - DEBUG - Getting Toys | {"txt":""} 
30.3.2024, 15:43:22 - INFO - Req was made | / 
30.3.2024, 15:43:22 - INFO - Req was made | / 
30.3.2024, 15:43:22 - DEBUG - Getting Toys | {"txt":""} 
30.3.2024, 15:43:23 - INFO - Req was made | / 
30.3.2024, 15:43:23 - DEBUG - Getting Toys | {"txt":""} 
30.3.2024, 15:43:32 - INFO - Req was made | / 
30.3.2024, 15:43:32 - DEBUG - Getting Toys | {"txt":""} 
30.3.2024, 15:43:32 - DEBUG - Getting Toys | {"txt":""} 
30.3.2024, 15:43:32 - INFO - Req was made | / 
30.3.2024, 15:43:32 - INFO - Req was made | / 
30.3.2024, 15:43:32 - DEBUG - Getting Toys | {"txt":""} 
30.3.2024, 15:43:35 - INFO - Req was made | / 
30.3.2024, 15:43:35 - DEBUG - Getting Toys | {"txt":""} 
30.3.2024, 15:43:35 - INFO - Req was made | / 
30.3.2024, 15:43:35 - DEBUG - Getting Toys | {"txt":""} 
30.3.2024, 15:43:35 - INFO - Req was made | / 
30.3.2024, 15:43:35 - DEBUG - Getting Toys | {"txt":""} 
30.3.2024, 15:44:28 - INFO - Req was made | / 
30.3.2024, 15:44:28 - DEBUG - Getting Toys | {"txt":""} 
30.3.2024, 15:44:28 - INFO - Req was made | / 
30.3.2024, 15:44:28 - DEBUG - Getting Toys | {"txt":""} 
30.3.2024, 15:44:28 - INFO - Req was made | / 
30.3.2024, 15:44:28 - DEBUG - Getting Toys | {"txt":""} 
30.3.2024, 15:44:37 - INFO - Req was made | / 
30.3.2024, 15:44:37 - DEBUG - Getting Toys | {"txt":""} 
30.3.2024, 15:44:37 - INFO - Req was made | / 
30.3.2024, 15:44:37 - DEBUG - Getting Toys | {"txt":""} 
30.3.2024, 15:44:37 - INFO - Req was made | / 
30.3.2024, 15:44:37 - DEBUG - Getting Toys | {"txt":""} 
30.3.2024, 15:45:44 - DEBUG - auth.service - login with username: sss 
30.3.2024, 15:45:44 - INFO - User login:  | {"_id":"66057d14869a5c5898011e83","username":"sss","fullName":"ab cs","score":0} 
30.3.2024, 15:45:51 - INFO - Req was made | / 
30.3.2024, 15:45:51 - DEBUG - Getting Toys | {"txt":""} 
30.3.2024, 15:45:51 - INFO - Req was made | / 
30.3.2024, 15:45:51 - DEBUG - Getting Toys | {"txt":""} 
30.3.2024, 15:45:51 - INFO - Req was made | / 
30.3.2024, 15:45:51 - DEBUG - Getting Toys | {"txt":""} 
30.3.2024, 15:47:09 - INFO - Req was made | / 
30.3.2024, 15:47:09 - DEBUG - Getting Toys | {"txt":""} 
30.3.2024, 15:47:09 - INFO - Req was made | / 
30.3.2024, 15:47:09 - DEBUG - Getting Toys | {"txt":""} 
30.3.2024, 15:47:09 - INFO - Req was made | / 
30.3.2024, 15:47:09 - DEBUG - Getting Toys | {"txt":""} 
30.3.2024, 15:47:29 - INFO - Req was made | / 
30.3.2024, 15:47:29 - DEBUG - Getting Toys | {"txt":""} 
30.3.2024, 15:47:29 - INFO - Req was made | / 
30.3.2024, 15:47:29 - DEBUG - Getting Toys | {"txt":""} 
30.3.2024, 15:47:29 - INFO - Req was made | / 
30.3.2024, 15:47:29 - DEBUG - Getting Toys | {"txt":""} 
30.3.2024, 15:51:41 - INFO - Req was made | / 
30.3.2024, 15:51:41 - DEBUG - Getting Toys | {"txt":""} 
30.3.2024, 15:51:41 - INFO - Req was made | / 
30.3.2024, 15:51:41 - DEBUG - Getting Toys | {"txt":""} 
30.3.2024, 15:51:41 - INFO - Req was made | / 
30.3.2024, 15:51:41 - DEBUG - Getting Toys | {"txt":""} 
30.3.2024, 15:51:48 - INFO - Req was made | / 
30.3.2024, 15:51:48 - DEBUG - Getting Toys | {"txt":""} 
30.3.2024, 15:51:48 - INFO - Req was made | / 
30.3.2024, 15:51:48 - DEBUG - Getting Toys | {"txt":""} 
30.3.2024, 15:51:48 - DEBUG - Getting Toys | {"txt":""} 
30.3.2024, 15:51:48 - INFO - Req was made | / 
30.3.2024, 15:51:55 - INFO - Req was made | / 
30.3.2024, 15:51:55 - DEBUG - Getting Toys | {"txt":""} 
30.3.2024, 15:51:55 - DEBUG - Getting Toys | {"txt":""} 
30.3.2024, 15:51:55 - INFO - Req was made | / 
30.3.2024, 15:51:55 - DEBUG - Getting Toys | {"txt":""} 
30.3.2024, 15:51:55 - INFO - Req was made | / 
30.3.2024, 15:53:34 - DEBUG - Getting Toys | {"txt":""} 
30.3.2024, 15:53:34 - INFO - Req was made | / 
30.3.2024, 15:53:34 - INFO - Req was made | / 
30.3.2024, 15:53:34 - DEBUG - Getting Toys | {"txt":""} 
30.3.2024, 15:53:34 - INFO - Req was made | / 
30.3.2024, 15:53:34 - DEBUG - Getting Toys | {"txt":""} 
30.3.2024, 15:53:34 - INFO - Req was made | / 
30.3.2024, 15:53:34 - DEBUG - Getting Toys | {"txt":""} 
30.3.2024, 15:53:34 - INFO - Req was made | / 
30.3.2024, 15:53:34 - DEBUG - Getting Toys | {"txt":""} 
30.3.2024, 15:53:34 - DEBUG - Getting Toys | {"txt":""} 
30.3.2024, 15:53:34 - INFO - Req was made | / 
30.3.2024, 15:53:41 - INFO - Req was made | / 
30.3.2024, 15:53:41 - DEBUG - Getting Toys | {"txt":""} 
30.3.2024, 15:53:41 - INFO - Req was made | / 
30.3.2024, 15:53:41 - DEBUG - Getting Toys | {"txt":""} 
30.3.2024, 15:53:41 - INFO - Req was made | / 
30.3.2024, 15:53:41 - DEBUG - Getting Toys | {"txt":""} 
30.3.2024, 15:53:56 - DEBUG - Getting Toys | {"txt":""} 
30.3.2024, 15:53:56 - INFO - Req was made | / 
30.3.2024, 15:53:56 - INFO - Req was made | / 
30.3.2024, 15:53:56 - DEBUG - Getting Toys | {"txt":""} 
30.3.2024, 15:53:56 - INFO - Req was made | / 
30.3.2024, 15:53:56 - DEBUG - Getting Toys | {"txt":""} 
30.3.2024, 15:54:04 - INFO - Req was made | / 
30.3.2024, 15:54:04 - DEBUG - Getting Toys | {"txt":""} 
30.3.2024, 15:54:04 - INFO - Req was made | / 
30.3.2024, 15:54:04 - DEBUG - Getting Toys | {"txt":""} 
30.3.2024, 15:54:04 - INFO - Req was made | / 
30.3.2024, 15:54:04 - DEBUG - Getting Toys | {"txt":""} 
30.3.2024, 15:54:12 - INFO - Req was made | / 
30.3.2024, 15:54:12 - DEBUG - Getting Toys | {"txt":""} 
30.3.2024, 15:54:12 - INFO - Req was made | / 
30.3.2024, 15:54:12 - DEBUG - Getting Toys | {"txt":""} 
30.3.2024, 15:54:12 - DEBUG - Getting Toys | {"txt":""} 
30.3.2024, 15:54:12 - INFO - Req was made | / 
30.3.2024, 15:54:18 - INFO - Req was made | / 
30.3.2024, 15:54:18 - DEBUG - Getting Toys | {"txt":""} 
30.3.2024, 15:54:18 - INFO - Req was made | / 
30.3.2024, 15:54:18 - DEBUG - Getting Toys | {"txt":""} 
30.3.2024, 15:54:18 - INFO - Req was made | / 
30.3.2024, 15:54:18 - DEBUG - Getting Toys | {"txt":""} 
30.3.2024, 16:07:15 - DEBUG - Getting Toys | {"txt":""} 
30.3.2024, 16:07:15 - INFO - Req was made | / 
30.3.2024, 16:08:32 - INFO - Req was made | / 
30.3.2024, 16:08:32 - DEBUG - Getting Toys | {"txt":""} 
30.3.2024, 16:08:42 - INFO - Req was made | / 
30.3.2024, 16:08:42 - DEBUG - Getting Toys | {"txt":""} 
30.3.2024, 16:08:42 - INFO - Req was made | / 
30.3.2024, 16:08:42 - DEBUG - Getting Toys | {"txt":""} 
30.3.2024, 16:08:42 - INFO - Req was made | / 
30.3.2024, 16:08:42 - DEBUG - Getting Toys | {"txt":""} 
30.3.2024, 16:08:46 - INFO - Req was made | / 
30.3.2024, 16:08:46 - DEBUG - Getting Toys | {"txt":""} 
30.3.2024, 16:08:46 - INFO - Req was made | / 
30.3.2024, 16:08:46 - DEBUG - Getting Toys | {"txt":""} 
30.3.2024, 16:08:47 - INFO - Req was made | / 
30.3.2024, 16:08:47 - DEBUG - Getting Toys | {"txt":""} 
30.3.2024, 16:08:49 - INFO - Req was made | / 
30.3.2024, 16:08:49 - DEBUG - Getting Toys | {"txt":""} 
30.3.2024, 16:08:49 - INFO - Req was made | / 
30.3.2024, 16:08:49 - DEBUG - Getting Toys | {"txt":""} 
30.3.2024, 16:08:49 - INFO - Req was made | / 
30.3.2024, 16:08:49 - DEBUG - Getting Toys | {"txt":""} 
30.3.2024, 16:08:50 - DEBUG - Getting Toys | {"txt":""} 
30.3.2024, 16:08:50 - INFO - Req was made | / 
30.3.2024, 16:08:50 - INFO - Req was made | / 
30.3.2024, 16:08:50 - DEBUG - Getting Toys | {"txt":""} 
30.3.2024, 16:08:50 - INFO - Req was made | / 
30.3.2024, 16:08:50 - DEBUG - Getting Toys | {"txt":""} 
30.3.2024, 16:15:22 - INFO - Req was made | / 
30.3.2024, 16:15:22 - DEBUG - Getting Toys | {"txt":""} 
30.3.2024, 16:15:26 - INFO - Req was made | / 
30.3.2024, 16:15:26 - DEBUG - Getting Toys | {"txt":""} 
30.3.2024, 16:15:38 - INFO - Req was made | / 
30.3.2024, 16:15:38 - DEBUG - Getting Toys | {"txt":""} 
30.3.2024, 16:15:46 - INFO - Req was made | / 
30.3.2024, 16:15:46 - DEBUG - Getting Toys | {"txt":""} 
30.3.2024, 16:15:46 - DEBUG - Getting Toys | {"txt":""} 
30.3.2024, 16:15:46 - INFO - Req was made | / 
30.3.2024, 16:15:46 - INFO - Req was made | / 
30.3.2024, 16:15:46 - DEBUG - Getting Toys | {"txt":""} 
30.3.2024, 16:16:09 - INFO - Req was made | / 
30.3.2024, 16:16:09 - DEBUG - Getting Toys | {"txt":""} 
30.3.2024, 16:16:09 - INFO - Req was made | / 
30.3.2024, 16:16:09 - DEBUG - Getting Toys | {"txt":""} 
30.3.2024, 16:16:09 - DEBUG - Getting Toys | {"txt":""} 
30.3.2024, 16:16:09 - INFO - Req was made | / 
30.3.2024, 16:19:38 - INFO - Req was made | / 
30.3.2024, 16:19:38 - DEBUG - Getting Toys | {"txt":""} 
30.3.2024, 16:19:38 - INFO - Req was made | / 
30.3.2024, 16:19:38 - DEBUG - Getting Toys | {"txt":""} 
30.3.2024, 16:19:38 - DEBUG - Getting Toys | {"txt":""} 
30.3.2024, 16:19:38 - INFO - Req was made | / 
30.3.2024, 16:19:44 - INFO - Req was made | / 
30.3.2024, 16:19:44 - DEBUG - Getting Toys | {"txt":""} 
30.3.2024, 16:19:44 - INFO - Req was made | / 
30.3.2024, 16:19:44 - DEBUG - Getting Toys | {"txt":""} 
30.3.2024, 16:19:44 - INFO - Req was made | / 
30.3.2024, 16:19:44 - DEBUG - Getting Toys | {"txt":""} 
30.3.2024, 16:19:52 - INFO - Req was made | / 
30.3.2024, 16:19:52 - DEBUG - Getting Toys | {"txt":""} 
30.3.2024, 16:19:52 - INFO - Req was made | / 
30.3.2024, 16:19:52 - DEBUG - Getting Toys | {"txt":""} 
30.3.2024, 16:19:52 - DEBUG - Getting Toys | {"txt":""} 
30.3.2024, 16:19:52 - INFO - Req was made | / 
30.3.2024, 16:27:38 - INFO - Req was made | / 
30.3.2024, 16:27:38 - DEBUG - Getting Toys | {"txt":""} 
30.3.2024, 16:27:38 - DEBUG - Getting Toys | {"txt":""} 
30.3.2024, 16:27:38 - INFO - Req was made | / 
30.3.2024, 16:27:38 - INFO - Req was made | / 
30.3.2024, 16:27:38 - DEBUG - Getting Toys | {"txt":""} 
30.3.2024, 16:27:46 - DEBUG - auth.service - login with username: sss 
30.3.2024, 16:27:46 - INFO - User login:  | {"_id":"66057d14869a5c5898011e83","username":"sss","fullName":"ab cs","score":0} 
30.3.2024, 16:29:34 - INFO - Req was made | / 
30.3.2024, 16:29:34 - DEBUG - Getting Toys | {"txt":""} 
30.3.2024, 16:29:34 - INFO - Req was made | / 
30.3.2024, 16:29:34 - DEBUG - Getting Toys | {"txt":""} 
30.3.2024, 16:29:34 - INFO - Req was made | / 
30.3.2024, 16:29:34 - DEBUG - Getting Toys | {"txt":""} 
30.3.2024, 16:29:58 - INFO - Req was made | / 
30.3.2024, 16:29:58 - DEBUG - Getting Toys | {"txt":""} 
30.3.2024, 16:29:58 - INFO - Req was made | / 
30.3.2024, 16:29:58 - DEBUG - Getting Toys | {"txt":""} 
30.3.2024, 16:29:58 - INFO - Req was made | / 
30.3.2024, 16:29:58 - DEBUG - Getting Toys | {"txt":""} 
30.3.2024, 16:30:02 - INFO - Req was made | / 
30.3.2024, 16:30:02 - DEBUG - Getting Toys | {"txt":""} 
30.3.2024, 16:30:02 - INFO - Req was made | / 
30.3.2024, 16:30:02 - DEBUG - Getting Toys | {"txt":""} 
30.3.2024, 16:30:03 - INFO - Req was made | / 
30.3.2024, 16:30:03 - DEBUG - Getting Toys | {"txt":""} 
30.3.2024, 16:30:18 - INFO - Req was made | / 
30.3.2024, 16:30:18 - DEBUG - Getting Toys | {"txt":""} 
30.3.2024, 16:30:18 - INFO - Req was made | / 
30.3.2024, 16:30:18 - DEBUG - Getting Toys | {"txt":""} 
30.3.2024, 16:30:18 - INFO - Req was made | / 
30.3.2024, 16:30:18 - DEBUG - Getting Toys | {"txt":""} 
